AppFreezer/proguard/seeds.txt
com.smartapp.appfreezer.MainActivity
com.smartapp.appfreezer.MainActivity: MainActivity()
com.smartapp.appfreezer.ui.Aa
com.smartapp.appfreezer.ui.Aa: Aa(android.content.Context,android.util.AttributeSet,com.smartapp.appfreezer.ui.ScreenScrollerListener)
com.smartapp.appfreezer.ui.Aa: Aa(android.content.Context,android.util.AttributeSet)
com.smartapp.appfreezer.ui.Aa: Aa(android.content.Context,com.smartapp.appfreezer.ui.ScreenScrollerListener)
com.smartapp.appfreezer.ui.ScrollTip
com.smartapp.appfreezer.ui.ScrollTip: ScrollTip(android.content.Context,android.util.AttributeSet)
...
com.google.ads.ak
com.google.ads.ak: java.lang.reflect.Method d
com.google.ads.ak: java.lang.reflect.Method e
com.google.ads.ak: java.lang.reflect.Method f
com.google.ads.ak: java.lang.reflect.Method g
com.google.ads.ak: java.lang.reflect.Method h
com.google.ads.ak: java.lang.String i
com.google.ads.ak: long j
com.google.ads.ak: boolean c
com.google.ads.ak: com.google.ads.ak a(java.lang.String,android.content.Context)
com.google.ads.ak: void b(java.lang.String,android.content.Context)
com.google.ads.ak: ak(android.content.Context)
com.google.ads.ak: void b(android.content.Context)
com.google.ads.ak: void c(android.content.Context)
com.google.ads.ak: java.lang.String a()
com.google.ads.ak: java.lang.Long b()
com.google.ads.ak: java.lang.String d(android.content.Context)
com.google.ads.ak: java.lang.String c()
com.google.ads.ak: java.util.ArrayList a(android.view.MotionEvent,android.util.DisplayMetrics)
com.google.ads.ak: java.lang.String e(android.content.Context)
com.google.ads.ak: java.lang.String b(byte[],java.lang.String)
com.google.ads.ak: void f(android.content.Context)
com.google.ads.ak: void <clinit>()
com.google.ads.ak$a
com.google.ads.ak$a: ak$a()
com.google.ads.ak$a: ak$a(java.lang.Throwable)
com.google.ads.al
com.google.ads.al: java.lang.String a
com.google.ads.al: java.lang.String b
com.google.ads.al: java.lang.String[] c
com.google.ads.al: com.google.ads.ai d
com.google.ads.al: com.google.ads.ah e
com.google.ads.al: al(com.google.ads.ai)
com.google.ads.al: boolean a(android.net.Uri)
com.google.ads.al: void a(java.lang.String)
com.google.ads.al: android.net.Uri a(android.net.Uri,android.content.Context)
com.google.ads.al: android.net.Uri a(android.net.Uri,java.lang.String,java.lang.String)
com.google.ads.al: android.net.Uri a(android.net.Uri,android.content.Context,java.lang.String,boolean)
com.google.ads.am
com.google.ads.am: am()
com.google.ads.am: am(java.lang.String)
com.google.ads.an
com.google.ads.an: void a(byte[])
com.google.ads.an: byte[] a(java.lang.String)
com.google.ads.an: byte[] a(byte[],java.lang.String)
com.google.ads.an$a
com.google.ads.an$a: an$a()
com.google.ads.an$a: an$a(java.lang.Throwable)
com.google.ads.ao
com.google.ads.ao: java.lang.String a()
com.google.ads.ao: java.lang.String b()
com.google.ads.ao: java.lang.String c()
com.google.ads.ao: java.lang.String d()
com.google.ads.ao: java.lang.String e()
com.google.ads.ao: java.lang.String f()
com.google.ads.ao: java.lang.String g()
com.google.ads.ao: java.lang.String h()
com.google.ads.ao: java.lang.String i()
com.google.ads.ao: java.lang.String j()
com.google.ads.ao: java.lang.String k()
com.google.ads.ao: java.lang.String l()
com.google.ads.ap
com.google.ads.ap: ap()
com.google.ads.ap: ap(java.lang.String)
com.google.ads.aq
com.google.ads.aq: char[] a
com.google.ads.aq: char[] b
com.google.ads.aq: byte[] c
com.google.ads.aq: byte[] d
com.google.ads.aq: char[] a(byte[],int,int,char[],int,char[])
com.google.ads.aq: java.lang.String a(byte[],boolean)
com.google.ads.aq: java.lang.String a(byte[],int,int,char[],boolean)
com.google.ads.aq: char[] a(byte[],int,int,char[],int)
com.google.ads.aq: int a(char[],int,byte[],int,byte[])
com.google.ads.aq: byte[] a(java.lang.String)
com.google.ads.aq: byte[] a(char[],int,int)
com.google.ads.aq: byte[] a(char[],int,int,byte[])
com.google.ads.aq: void <clinit>()
com.google.ads.ar
com.google.ads.ar: byte[] a
com.google.ads.ar: int b
com.google.ads.ar: int c
com.google.ads.ar: ar(byte[])
com.google.ads.ar: void a(byte[])
com.google.ads.as
com.google.ads.as: android.net.Uri a
com.google.ads.as: java.lang.String[] b
com.google.ads.as: void <clinit>()
com.google.ads.at
com.google.ads.at: com.google.ads.internal.a a
com.google.ads.at: boolean a(android.content.Context,long)
com.google.ads.at: boolean a(android.content.Context,long,android.content.SharedPreferences)
com.google.ads.at: void a(android.app.Activity)
com.google.ads.at: void <clinit>()