AppFreezer/proguard/mapping.txt
com.smartapp.appfreezer.AppFreezer -> com.smartapp.appfreezer.a:
    28:28:boolean isCollectionEmpty(java.util.Collection) -> a
    36:90:void getEnableAndDisableAppByApi(android.content.Context,java.util.List,java.util.List) -> a
    93:93:boolean packageIsSuperUser(java.lang.String) -> a
    125:149:boolean enablePackage(android.content.Context,java.lang.String) -> a
    156:182:boolean disablePackage(android.content.Context,java.lang.String) -> b
    192:196:long getAvailableInternalMemorySize() -> a
    206:210:long getTotalInternalMemorySize() -> b
    218:254:java.lang.String getLinuxKernel() -> c
com.smartapp.appfreezer.AppFreezer$IComparator -> com.smartapp.appfreezer.b:
    java.text.Collator sCollator -> a
    109:117:int compare(com.smartapp.appfreezer.ListDataBean,com.smartapp.appfreezer.ListDataBean) -> a
    1:1:int compare(java.lang.Object,java.lang.Object) -> compare
com.smartapp.appfreezer.AppTaskThread -> com.smartapp.appfreezer.c:
    android.content.Context mContext -> a
    java.util.List mList -> b
    int mAction -> c
    int mSuccessfulTaskCount -> d
    android.app.AlertDialog mProgressDialog -> e
    android.widget.ProgressBar mProgressBar -> f
    android.widget.TextView mMessageView -> g
    android.widget.TextView mProgressPercent -> h
    android.os.Handler mHandler -> i
    boolean mCancel -> j
    79:98:void run() -> run
    102:125:void onProgressUpdate(int) -> a
    131:150:void createProgressDialog(int) -> b
    153:156:void dismissDialog() -> a
    159:173:void showResultToast() -> b
    179:180:void refreshAppList() -> c
    186:189:void onPostProcess() -> d
    29:29:java.util.List access$0(com.smartapp.appfreezer.AppTaskThread) -> a
    41:41:android.app.AlertDialog access$1(com.smartapp.appfreezer.AppTaskThread) -> b
    130:130:void access$2(com.smartapp.appfreezer.AppTaskThread,int) -> a
    49:49:android.widget.TextView access$3(com.smartapp.appfreezer.AppTaskThread) -> c
    53:53:android.widget.TextView access$4(com.smartapp.appfreezer.AppTaskThread) -> d
    45:45:android.widget.ProgressBar access$5(com.smartapp.appfreezer.AppTaskThread) -> e
    61:61:void access$6(com.smartapp.appfreezer.AppTaskThread,boolean) -> a
    25:25:android.content.Context access$7(com.smartapp.appfreezer.AppTaskThread) -> f
    33:33:int access$8(com.smartapp.appfreezer.AppTaskThread) -> g
com.smartapp.appfreezer.AppTaskThread$1 -> com.smartapp.appfreezer.d:
    com.smartapp.appfreezer.AppTaskThread this$0 -> a
    int val$index -> b
    106:122:void run() -> run
com.smartapp.appfreezer.AppTaskThread$2 -> com.smartapp.appfreezer.e:
    com.smartapp.appfreezer.AppTaskThread this$0 -> a
    142:143:void onClick(android.content.DialogInterface,int) -> onClick
com.smartapp.appfreezer.AppTaskThread$3 -> com.smartapp.appfreezer.f:
    com.smartapp.appfreezer.AppTaskThread this$0 -> a
    163:171:void run() -> run
com.smartapp.appfreezer.IAdapter -> com.smartapp.appfreezer.g:
    java.util.List mDataSource -> a
    android.content.Context mContext -> b
    android.view.LayoutInflater mInflater -> c
    android.os.Handler mHandler -> d
    42:49:void update(java.util.List) -> a
    53:53:int getCount() -> getCount
    58:58:java.lang.Object getItem(int) -> getItem
    63:63:long getItemId(int) -> getItemId
    68:129:android.view.View getView(int,android.view.View,android.view.ViewGroup) -> getView
    136:142:int getSelectCount() -> a
    149:155:java.util.List getSelectBeans() -> b
    29:29:android.os.Handler access$0(com.smartapp.appfreezer.IAdapter) -> a
com.smartapp.appfreezer.IAdapter$1 -> com.smartapp.appfreezer.h:
    com.smartapp.appfreezer.IAdapter this$0 -> a
    android.widget.ImageView val$icon -> b
    84:87:void imageLoad(java.lang.String,android.graphics.drawable.Drawable) -> a
com.smartapp.appfreezer.IAdapter$2 -> com.smartapp.appfreezer.i:
    com.smartapp.appfreezer.IAdapter this$0 -> a
    120:126:void onCheckedChanged(android.widget.CompoundButton,boolean) -> onCheckedChanged
...
android.support.v4.widget.ScrollerCompat$ScrollerCompatImpl -> android.support.v4.widget.l:
    java.lang.Object createScroller(android.content.Context,android.view.animation.Interpolator) -> a
    boolean isFinished(java.lang.Object) -> a
    int getCurrX(java.lang.Object) -> b
    int getCurrY(java.lang.Object) -> c
    boolean computeScrollOffset(java.lang.Object) -> d
    void startScroll(java.lang.Object,int,int,int,int,int) -> a
    void abortAnimation(java.lang.Object) -> e
    int getFinalX(java.lang.Object) -> f
    int getFinalY(java.lang.Object) -> g
android.support.v4.widget.ScrollerCompat$ScrollerCompatImplBase -> android.support.v4.widget.m:
    58:58:java.lang.Object createScroller(android.content.Context,android.view.animation.Interpolator) -> a
    64:64:boolean isFinished(java.lang.Object) -> a
    69:69:int getCurrX(java.lang.Object) -> b
    74:74:int getCurrY(java.lang.Object) -> c
    84:84:boolean computeScrollOffset(java.lang.Object) -> d
    95:96:void startScroll(java.lang.Object,int,int,int,int,int) -> a
    112:113:void abortAnimation(java.lang.Object) -> e
    134:134:int getFinalX(java.lang.Object) -> f
    139:139:int getFinalY(java.lang.Object) -> g
android.support.v4.widget.ScrollerCompat$ScrollerCompatImplGingerbread -> android.support.v4.widget.n:
    146:146:java.lang.Object createScroller(android.content.Context,android.view.animation.Interpolator) -> a
    151:151:boolean isFinished(java.lang.Object) -> a
    156:156:int getCurrX(java.lang.Object) -> b
    161:161:int getCurrY(java.lang.Object) -> c
    171:171:boolean computeScrollOffset(java.lang.Object) -> d
    182:183:void startScroll(java.lang.Object,int,int,int,int,int) -> a
    201:202:void abortAnimation(java.lang.Object) -> e
    222:222:int getFinalX(java.lang.Object) -> f
    227:227:int getFinalY(java.lang.Object) -> g
android.support.v4.widget.ScrollerCompat$ScrollerCompatImplIcs -> android.support.v4.widget.o:
android.support.v4.widget.ScrollerCompatGingerbread -> android.support.v4.widget.p:
    26:26:java.lang.Object createScroller(android.content.Context,android.view.animation.Interpolator) -> a
    31:31:boolean isFinished(java.lang.Object) -> a
    35:35:int getCurrX(java.lang.Object) -> b
    39:39:int getCurrY(java.lang.Object) -> c
    43:43:boolean computeScrollOffset(java.lang.Object) -> d
    52:53:void startScroll(java.lang.Object,int,int,int,int,int) -> a
    67:68:void abortAnimation(java.lang.Object) -> e
    84:84:int getFinalX(java.lang.Object) -> f
    88:88:int getFinalY(java.lang.Object) -> g