AppFreezer/proguard/usage.txt
com.smartapp.appfreezer.AppFreezer:
    25:25:public AppFreezer()
com.smartapp.appfreezer.AppTask
com.smartapp.appfreezer.AppTask$1
com.smartapp.appfreezer.AppTask$2
com.smartapp.appfreezer.BuildConfig
com.smartapp.appfreezer.MainActivity:
    public static final int ACTION_FREEZE_APPS
    public static final int ACTION_UNFREEZE_APPS
    public static final int MSG_REFRESH_BTN
    public static final int MSG_REFRESH_LIST
    421:421:public com.smartapp.appfreezer.ui.ScreenScroller getScreenScroller()
    427:427:public void setScreenScroller(com.smartapp.appfreezer.ui.ScreenScroller)
com.smartapp.appfreezer.R
com.smartapp.appfreezer.R$array
com.smartapp.appfreezer.R$attr
com.smartapp.appfreezer.R$dimen
com.smartapp.appfreezer.R$drawable
com.smartapp.appfreezer.R$id
com.smartapp.appfreezer.R$layout
com.smartapp.appfreezer.R$string
com.smartapp.appfreezer.R$style
com.smartapp.appfreezer.RootShell:
    private static final int STATE_ROOT_DENIED
    private static final int STATE_ROOTED
    152:171:public synchronized void exit()
com.smartapp.appfreezer.ui.Aa:
    private static final int TOUCH_STATE_REST
    private static final int TOUCH_STATE_SCROLLING
    163:166:public void addScreenView(android.view.View)
    178:182:public int getCurrentViewIndex()
    186:190:public android.view.View getCurrentView()
    201:201:public com.smartapp.appfreezer.ui.ScreenScroller getScreenScroller()
    206:207:public void setScreenScroller(com.smartapp.appfreezer.ui.ScreenScroller)
com.smartapp.appfreezer.ui.FastVelocityTracker:
    static final int NUM_PAST
    static final int LONGEST_PAST_TIME
com.smartapp.appfreezer.ui.ICleanable
com.smartapp.appfreezer.ui.MScroller:
    public static final int HORIZONTAL
    public static final int VERTICAL
    protected static final int MAX_FRAME_TIME
    protected static final int FINISHED
    protected static final int ON_FLING
    protected static final int ON_SCROLL
    protected static final float EPSILON
    protected static final float ONE_OVER_EPSILON
    182:182:public boolean onDraw(android.graphics.Canvas)
    186:187:public void setDepthEnabled(boolean)
    203:203:public final int getScroll()
    207:208:public void setOrientation(int)
    211:211:public final int getOrientation()
com.smartapp.appfreezer.ui.ScreenScroller:
    public static final int INVALID_SCREEN
    protected static final int FLING_VELOCITY
    protected int mScrollRange
    protected android.graphics.PorterDuffColorFilter mColorFilter
    protected int mBackgroundWidth
    protected boolean mCycloid
    protected boolean mBgAlwaysDrawn
    protected android.graphics.drawable.Drawable mBackgroundDrawable
    protected android.graphics.Bitmap mBitmap
    protected android.graphics.Paint mPaint
    protected int mOverShootPercent
    146:159:public void setOrientation(int)
    260:265:public void setInterpolator(android.view.animation.Interpolator)
    285:293:public void setEffector(com.smartapp.appfreezer.ui.ScreenScrollerEffector)
    304:315:public void setCurrentScreen(int)
    326:329:public void setScrollPercent(float)
    340:344:public void setScrollIndex(float)
    423:423:public final android.view.animation.Interpolator getInterpolator()
    427:427:public final com.smartapp.appfreezer.ui.ScreenScrollerEffector getEffector()
    431:431:public final int getScreenWidth()
    435:435:public final int getScreenHeight()
    439:439:public final int getScreenSize()
    443:443:public final int getScreenCount()
    452:452:public final int getCurrentScreen()
    470:470:public final int getCurrentScreenOffset()
    489:489:public boolean isCircular()
    562:565:public boolean onDraw(android.graphics.Canvas)
    569:569:public boolean isBackgroundAlwaysDrawn()
...
android.support.v4.app.FragmentTransaction:
    public static final int TRANSIT_ENTER_MASK
    public static final int TRANSIT_EXIT_MASK
    public static final int TRANSIT_UNSET
    public static final int TRANSIT_NONE
    public static final int TRANSIT_FRAGMENT_OPEN
    public static final int TRANSIT_FRAGMENT_CLOSE
    public static final int TRANSIT_FRAGMENT_FADE
    public abstract android.support.v4.app.FragmentTransaction add(android.support.v4.app.Fragment,java.lang.String)
    public abstract android.support.v4.app.FragmentTransaction add(int,android.support.v4.app.Fragment)
    public abstract android.support.v4.app.FragmentTransaction replace(int,android.support.v4.app.Fragment)
    public abstract android.support.v4.app.FragmentTransaction replace(int,android.support.v4.app.Fragment,java.lang.String)
    public abstract android.support.v4.app.FragmentTransaction remove(android.support.v4.app.Fragment)
    public abstract android.support.v4.app.FragmentTransaction hide(android.support.v4.app.Fragment)
    public abstract android.support.v4.app.FragmentTransaction show(android.support.v4.app.Fragment)
    public abstract boolean isEmpty()
    public abstract android.support.v4.app.FragmentTransaction setCustomAnimations(int,int)
    public abstract android.support.v4.app.FragmentTransaction setCustomAnimations(int,int,int,int)
    public abstract android.support.v4.app.FragmentTransaction setTransition(int)
android.support.v4.app.ListFragment
android.support.v4.app.ListFragment$1
android.support.v4.app.ListFragment$2
android.support.v4.app.LoaderManager:
    public abstract android.support.v4.content.Loader initLoader(int,android.os.Bundle,android.support.v4.app.LoaderManager$LoaderCallbacks)
    public abstract android.support.v4.content.Loader restartLoader(int,android.os.Bundle,android.support.v4.app.LoaderManager$LoaderCallbacks)
    public abstract void destroyLoader(int)
    public abstract android.support.v4.content.Loader getLoader(int)
    public abstract void dump(java.lang.String,java.io.FileDescriptor,java.io.PrintWriter,java.lang.String[])
    177:178:public static void enableDebugLogging(boolean)
android.support.v4.app.LoaderManagerImpl:
    static final java.lang.String TAG
    boolean mRetainingStarted
    boolean mCreatingLoader
    489:492:private android.support.v4.app.LoaderManagerImpl$LoaderInfo createLoader(int,android.os.Bundle,android.support.v4.app.LoaderManager$LoaderCallbacks)
    498:503:private android.support.v4.app.LoaderManagerImpl$LoaderInfo createAndInstallLoader(int,android.os.Bundle,android.support.v4.app.LoaderManager$LoaderCallbacks)
    508:515:void installLoader(android.support.v4.app.LoaderManagerImpl$LoaderInfo)
    543:565:public android.support.v4.content.Loader initLoader(int,android.os.Bundle,android.support.v4.app.LoaderManager$LoaderCallbacks)
    593:647:public android.support.v4.content.Loader restartLoader(int,android.os.Bundle,android.support.v4.app.LoaderManager$LoaderCallbacks)
    658:678:public void destroyLoader(int)
    686:697:public android.support.v4.content.Loader getLoader(int)
android.support.v4.app.LoaderManagerImpl$LoaderInfo:
    228:232:public LoaderManagerImpl$LoaderInfo(android.support.v4.app.LoaderManagerImpl,int,android.os.Bundle,android.support.v4.app.LoaderManager$LoaderCallbacks)
    362:415:public void onLoadComplete(android.support.v4.content.Loader,java.lang.Object)
android.support.v4.app.NavUtils
android.support.v4.app.NavUtils$NavUtilsImpl
android.support.v4.app.NavUtils$NavUtilsImplBase
android.support.v4.app.NavUtils$NavUtilsImplJB
android.support.v4.app.NavUtilsJB
android.support.v4.app.NotificationCompat
android.support.v4.app.NotificationCompat$Action
android.support.v4.app.NotificationCompat$BigPictureStyle
android.support.v4.app.NotificationCompat$BigTextStyle
android.support.v4.app.NotificationCompat$Builder
android.support.v4.app.NotificationCompat$InboxStyle
android.support.v4.app.NotificationCompat$NotificationCompatImpl